<?xml version="1.0" encoding="UTF-8"?>
<!-- Generated by org.testng.reporters.JUnitReportReporter -->
<testsuite hostname="Aneetha" failures="0" tests="1" name="restAPI.PostRequestWithFile" time="0.988" errors="0" timestamp="14 July 2023 08:27:51 GMT" skipped="0">
  <testcase classname="restAPI.PostRequestWithFile" name="test1" time="0.988"/>
</testsuite> <!-- restAPI.PostRequestWithFile -->
