<?xml version="1.0" encoding="UTF-8"?>
<!-- Generated by org.testng.reporters.JUnitReportReporter -->
<testsuite hostname="Aneetha" failures="0" tests="1" name="restAPI.PostRequestWithJsonObject" time="1.039" errors="0" timestamp="14 July 2023 08:20:17 GMT" skipped="0">
  <testcase classname="restAPI.PostRequestWithJsonObject" name="test1" time="1.039"/>
</testsuite> <!-- restAPI.PostRequestWithJsonObject -->
