<?xml version="1.0" encoding="UTF-8"?>
<!-- Generated by org.testng.reporters.JUnitReportReporter -->
<testsuite hostname="Aneetha" failures="0" tests="1" name="restAPI.DeleteRequest" time="1.021" errors="0" timestamp="14 July 2023 10:12:31 GMT" skipped="0">
  <testcase classname="restAPI.DeleteRequest" name="test1" time="1.021"/>
</testsuite> <!-- restAPI.DeleteRequest -->
