<?xml version="1.0" encoding="UTF-8"?>
<!-- Generated by org.testng.reporters.JUnitReportReporter -->
<testsuite hostname="Aneetha" failures="0" tests="1" name="github.CreateRepo" time="1.990" errors="0" timestamp="14 July 2023 10:57:13 GMT" skipped="0">
  <testcase classname="github.CreateRepo" name="test1" time="1.990"/>
</testsuite> <!-- github.CreateRepo -->
