<?xml version="1.0" encoding="UTF-8"?>
<!-- Generated by org.testng.reporters.JUnitReportReporter -->
<testsuite hostname="Aneetha" failures="0" tests="3" name="restAPIBDD.GetRequestBDD" time="2.403" errors="0" timestamp="15 July 2023 04:08:09 GMT" skipped="0">
  <testcase classname="restAPIBDD.GetRequestBDD" name="test3" time="0.099"/>
  <testcase classname="restAPIBDD.GetRequestBDD" name="test1" time="2.247"/>
  <testcase classname="restAPIBDD.GetRequestBDD" name="test2" time="0.057"/>
</testsuite> <!-- restAPIBDD.GetRequestBDD -->
