<?xml version="1.0" encoding="UTF-8"?>
<!-- Generated by org.testng.reporters.JUnitReportReporter -->
<testsuite hostname="Aneetha" failures="0" tests="1" name="restAPIXML.XMLTest" time="1.974" errors="0" timestamp="15 July 2023 03:23:52 GMT" skipped="0">
  <testcase classname="restAPIXML.XMLTest" name="test2" time="1.974"/>
</testsuite> <!-- restAPIXML.XMLTest -->
