<?xml version="1.0" encoding="UTF-8"?>
<!-- Generated by org.testng.reporters.JUnitReportReporter -->
<testsuite hostname="Aneetha" failures="0" tests="1" name="restAPIBDD.PutRequestBDD" time="1.828" errors="0" timestamp="15 July 2023 03:55:55 GMT" skipped="0">
  <testcase classname="restAPIBDD.PutRequestBDD" name="test1" time="1.828"/>
</testsuite> <!-- restAPIBDD.PutRequestBDD -->
