<?xml version="1.0" encoding="UTF-8"?>
<!-- Generated by org.testng.reporters.JUnitReportReporter -->
<testsuite hostname="Aneetha" failures="0" tests="1" name="restAPIBDD.PostRequestBDD" time="1.100" errors="0" timestamp="15 July 2023 02:40:46 GMT" skipped="0">
  <testcase classname="restAPIBDD.PostRequestBDD" name="test1" time="1.100"/>
</testsuite> <!-- restAPIBDD.PostRequestBDD -->
