<?xml version="1.0" encoding="UTF-8"?>
<!-- Generated by org.testng.reporters.JUnitReportReporter -->
<testsuite hostname="Aneetha" failures="0" tests="1" name="restAPIBDD.DeleteRequestBDD" time="1.569" errors="0" timestamp="15 July 2023 04:07:54 GMT" skipped="0">
  <testcase classname="restAPIBDD.DeleteRequestBDD" name="test1" time="1.569"/>
</testsuite> <!-- restAPIBDD.DeleteRequestBDD -->
