<?xml version="1.0" encoding="UTF-8"?>
<!-- Generated by org.testng.reporters.JUnitReportReporter -->
<testsuite hostname="Aneetha" failures="0" tests="1" name="restAPI.PutRequest" time="1.108" errors="0" timestamp="14 July 2023 10:06:24 GMT" skipped="0">
  <testcase classname="restAPI.PutRequest" name="test1" time="1.108"/>
</testsuite> <!-- restAPI.PutRequest -->
