<?xml version="1.0" encoding="UTF-8"?>
<!-- Generated by org.testng.reporters.JUnitReportReporter -->
<testsuite hostname="Aneetha" failures="0" tests="1" name="restAPI.PostRequestWithMap" time="1.248" errors="0" timestamp="14 July 2023 07:41:55 GMT" skipped="0">
  <testcase classname="restAPI.PostRequestWithMap" name="test1" time="1.248"/>
</testsuite> <!-- restAPI.PostRequestWithMap -->
