<?xml version="1.0" encoding="UTF-8"?>
<!-- Generated by org.testng.reporters.JUnitReportReporter -->
<testsuite hostname="Aneetha" failures="0" tests="1" name="springbootApp.GetAllEmployees" time="1.418" errors="0" timestamp="14 July 2023 10:30:02 GMT" skipped="0">
  <testcase classname="springbootApp.GetAllEmployees" name="test1" time="1.418"/>
</testsuite> <!-- springbootApp.GetAllEmployees -->
