<?xml version="1.0" encoding="UTF-8"?>
<!-- Generated by org.testng.reporters.JUnitReportReporter -->
<testsuite hostname="Aneetha" failures="0" tests="1" name="restAPI.PostRequest" time="1.171" errors="0" timestamp="14 July 2023 06:54:18 GMT" skipped="0">
  <testcase classname="restAPI.PostRequest" name="test1" time="1.171"/>
</testsuite> <!-- restAPI.PostRequest -->
