<?xml version="1.0" encoding="UTF-8"?>
<!-- Generated by org.testng.reporters.JUnitReportReporter -->
<testsuite hostname="Aneetha" failures="0" tests="1" name="springbootApp.PostNewEmployee" time="1.561" errors="0" timestamp="14 July 2023 10:29:51 GMT" skipped="0">
  <testcase classname="springbootApp.PostNewEmployee" name="test1" time="1.561"/>
</testsuite> <!-- springbootApp.PostNewEmployee -->
